<?xml version="1.0" encoding="UTF-8"?>
<!-- Generated by org.testng.reporters.JUnitXMLReporter -->
<testsuite ignored="32" hostname="LauraAndrade" failures="0" tests="1" name="Default test" time="85.33" errors="0" timestamp="08 oct. 2021 18:47:35 GMT">
  <testcase classname="test.Tests_BoletaExenta" name="Script_0039" time="78.792"/>
  <testcase classname="test.Tests_BoletaExenta" name="Script_0031" time="0.0">
    <ignored/>
  </testcase> <!-- Script_0031 -->
  <testcase classname="test.Tests_BoletaExenta" name="Script_0012" time="0.0">
    <ignored/>
  </testcase> <!-- Script_0012 -->
  <testcase classname="test.Tests_BoletaExenta" name="Script_0034" time="0.0">
    <ignored/>
  </testcase> <!-- Script_0034 -->
  <testcase classname="test.Tests_BoletaExenta" name="Script_0010" time="0.0">
    <ignored/>
  </testcase> <!-- Script_0010 -->
  <testcase classname="test.Tests_BoletaExenta" name="Script_0032" time="0.0">
    <ignored/>
  </testcase> <!-- Script_0032 -->
  <testcase classname="test.Tests_BoletaExenta" name="Script_0013" time="0.0">
    <ignored/>
  </testcase> <!-- Script_0013 -->
  <testcase classname="test.Tests_BoletaExenta" name="Script_0035" time="0.0">
    <ignored/>
  </testcase> <!-- Script_0035 -->
  <testcase classname="test.Tests_BoletaExenta" name="Script_0011" time="0.0">
    <ignored/>
  </testcase> <!-- Script_0011 -->
  <testcase classname="test.Tests_BoletaExenta" name="Script_0014" time="0.0">
    <ignored/>
  </testcase> <!-- Script_0014 -->
  <testcase classname="test.Tests_BoletaExenta" name="Script_0036" time="0.0">
    <ignored/>
  </testcase> <!-- Script_0036 -->
  <testcase classname="test.Tests_BoletaExenta" name="Script_0017" time="0.0">
    <ignored/>
  </testcase> <!-- Script_0017 -->
  <testcase classname="test.Tests_BoletaExenta" name="Script_0015" time="0.0">
    <ignored/>
  </testcase> <!-- Script_0015 -->
  <testcase classname="test.Tests_BoletaExenta" name="Script_0037" time="0.0">
    <ignored/>
  </testcase> <!-- Script_0037 -->
  <testcase classname="test.Tests_BoletaExenta" name="Script_0018" time="0.0">
    <ignored/>
  </testcase> <!-- Script_0018 -->
  <testcase classname="test.Tests_BoletaExenta" name="Script_0030" time="0.0">
    <ignored/>
  </testcase> <!-- Script_0030 -->
  <testcase classname="test.Tests_BoletaExenta" name="Script_0019" time="0.0">
    <ignored/>
  </testcase> <!-- Script_0019 -->
  <testcase classname="test.Tests_BoletaExenta" name="Script_0016" time="0.0">
    <ignored/>
  </testcase> <!-- Script_0016 -->
  <testcase classname="test.Tests_BoletaExenta" name="Script_0038" time="0.0">
    <ignored/>
  </testcase> <!-- Script_0038 -->
  <testcase classname="test.Tests_BoletaExenta" name="Script_0020" time="0.0">
    <ignored/>
  </testcase> <!-- Script_0020 -->
  <testcase classname="test.Tests_BoletaExenta" name="Script_0023" time="0.0">
    <ignored/>
  </testcase> <!-- Script_0023 -->
  <testcase classname="test.Tests_BoletaExenta" name="Script_0021" time="0.0">
    <ignored/>
  </testcase> <!-- Script_0021 -->
  <testcase classname="test.Tests_BoletaExenta" name="Script_0024" time="0.0">
    <ignored/>
  </testcase> <!-- Script_0024 -->
  <testcase classname="test.Tests_BoletaExenta" name="Script_0022" time="0.0">
    <ignored/>
  </testcase> <!-- Script_0022 -->
  <testcase classname="test.Tests_BoletaExenta" name="Script_0025" time="0.0">
    <ignored/>
  </testcase> <!-- Script_0025 -->
  <testcase classname="test.Tests_BoletaExenta" name="Script_0006" time="0.0">
    <ignored/>
  </testcase> <!-- Script_0006 -->
  <testcase classname="test.Tests_BoletaExenta" name="Script_0028" time="0.0">
    <ignored/>
  </testcase> <!-- Script_0028 -->
  <testcase classname="test.Tests_BoletaExenta" name="Script_0004" time="0.0">
    <ignored/>
  </testcase> <!-- Script_0004 -->
  <testcase classname="test.Tests_BoletaExenta" name="Script_0026" time="0.0">
    <ignored/>
  </testcase> <!-- Script_0026 -->
  <testcase classname="test.Tests_BoletaExenta" name="Script_0007" time="0.0">
    <ignored/>
  </testcase> <!-- Script_0007 -->
  <testcase classname="test.Tests_BoletaExenta" name="Script_0029" time="0.0">
    <ignored/>
  </testcase> <!-- Script_0029 -->
  <testcase classname="test.Tests_BoletaExenta" name="Script_0005" time="0.0">
    <ignored/>
  </testcase> <!-- Script_0005 -->
  <testcase classname="test.Tests_BoletaExenta" name="Script_0027" time="0.0">
    <ignored/>
  </testcase> <!-- Script_0027 -->
</testsuite> <!-- Default test -->
