<?xml version="1.0" encoding="UTF-8"?>
<!-- Generated by org.testng.reporters.JUnitXMLReporter -->
<testsuite hostname="DESKTOP-LI3EA6Q" ignored="21" name="Default test" tests="1" failures="1" timestamp="05 oct 2021 11:32:52 GMT" time="137.98" errors="0">
  <testcase name="Script_0029" time="122.98" classname="test.Tests_GuiaDespacho">
    <failure type="java.lang.AssertionError" message="Se verifica resultado del test GD_0029 expected [FLUJO OK] but found [FLUJO NOOK]">
      <![CDATA[java.lang.AssertionError: Se verifica resultado del test GD_0029 expected [FLUJO OK] but found [FLUJO NOOK]
at org.testng.Assert.fail(Assert.java:96)
at org.testng.Assert.failNotEquals(Assert.java:776)
at org.testng.Assert.assertEqualsImpl(Assert.java:137)
at org.testng.Assert.assertEquals(Assert.java:118)
at org.testng.Assert.assertEquals(Assert.java:453)
at test.Tests_GuiaDespacho.Script_0029(Tests_GuiaDespacho.java:1872)
at sun.reflect.NativeMethodAccessorImpl.invoke0(Native Method)
at sun.reflect.NativeMethodAccessorImpl.invoke(Unknown Source)
at sun.reflect.DelegatingMethodAccessorImpl.invoke(Unknown Source)
at java.lang.reflect.Method.invoke(Unknown Source)
at org.testng.internal.MethodInvocationHelper.invokeMethod(MethodInvocationHelper.java:124)
at org.testng.internal.Invoker.invokeMethod(Invoker.java:580)
at org.testng.internal.Invoker.invokeTestMethod(Invoker.java:716)
at org.testng.internal.Invoker.invokeTestMethods(Invoker.java:988)
at org.testng.internal.TestMethodWorker.invokeTestMethods(TestMethodWorker.java:125)
at org.testng.internal.TestMethodWorker.run(TestMethodWorker.java:109)
at org.testng.TestRunner.privateRun(TestRunner.java:648)
at org.testng.TestRunner.run(TestRunner.java:505)
at org.testng.SuiteRunner.runTest(SuiteRunner.java:455)
at org.testng.SuiteRunner.runSequentially(SuiteRunner.java:450)
at org.testng.SuiteRunner.privateRun(SuiteRunner.java:415)
at org.testng.SuiteRunner.run(SuiteRunner.java:364)
at org.testng.SuiteRunnerWorker.runSuite(SuiteRunnerWorker.java:52)
at org.testng.SuiteRunnerWorker.run(SuiteRunnerWorker.java:84)
at org.testng.TestNG.runSuitesSequentially(TestNG.java:1208)
at org.testng.TestNG.runSuitesLocally(TestNG.java:1137)
at org.testng.TestNG.runSuites(TestNG.java:1049)
at org.testng.TestNG.run(TestNG.java:1017)
at org.testng.remote.AbstractRemoteTestNG.run(AbstractRemoteTestNG.java:115)
at org.testng.remote.RemoteTestNG.initAndRun(RemoteTestNG.java:251)
at org.testng.remote.RemoteTestNG.main(RemoteTestNG.java:77)
]]>
    </failure>
  </testcase> <!-- Script_0029 -->
  <testcase name="Script_0003" time="0.0" classname="test.Tests_GuiaDespacho">
    <ignored/>
  </testcase> <!-- Script_0003 -->
  <testcase name="Script_0014" time="0.0" classname="test.Tests_GuiaDespacho">
    <ignored/>
  </testcase> <!-- Script_0014 -->
  <testcase name="Script_0025" time="0.0" classname="test.Tests_GuiaDespacho">
    <ignored/>
  </testcase> <!-- Script_0025 -->
  <testcase name="Script_0002" time="0.0" classname="test.Tests_GuiaDespacho">
    <ignored/>
  </testcase> <!-- Script_0002 -->
  <testcase name="Script_0013" time="0.0" classname="test.Tests_GuiaDespacho">
    <ignored/>
  </testcase> <!-- Script_0013 -->
  <testcase name="Script_0024" time="0.0" classname="test.Tests_GuiaDespacho">
    <ignored/>
  </testcase> <!-- Script_0024 -->
  <testcase name="Script_0012" time="0.0" classname="test.Tests_GuiaDespacho">
    <ignored/>
  </testcase> <!-- Script_0012 -->
  <testcase name="Script_0023" time="0.0" classname="test.Tests_GuiaDespacho">
    <ignored/>
  </testcase> <!-- Script_0023 -->
  <testcase name="Script_0011" time="0.0" classname="test.Tests_GuiaDespacho">
    <ignored/>
  </testcase> <!-- Script_0011 -->
  <testcase name="Script_0022" time="0.0" classname="test.Tests_GuiaDespacho">
    <ignored/>
  </testcase> <!-- Script_0022 -->
  <testcase name="Script_0021" time="0.0" classname="test.Tests_GuiaDespacho">
    <ignored/>
  </testcase> <!-- Script_0021 -->
  <testcase name="Script_0020" time="0.0" classname="test.Tests_GuiaDespacho">
    <ignored/>
  </testcase> <!-- Script_0020 -->
  <testcase name="Script_0008" time="0.0" classname="test.Tests_GuiaDespacho">
    <ignored/>
  </testcase> <!-- Script_0008 -->
  <testcase name="Script_0007" time="0.0" classname="test.Tests_GuiaDespacho">
    <ignored/>
  </testcase> <!-- Script_0007 -->
  <testcase name="Script_0006" time="0.0" classname="test.Tests_GuiaDespacho">
    <ignored/>
  </testcase> <!-- Script_0006 -->
  <testcase name="Script_0017" time="0.0" classname="test.Tests_GuiaDespacho">
    <ignored/>
  </testcase> <!-- Script_0017 -->
  <testcase name="Script_0016" time="0.0" classname="test.Tests_GuiaDespacho">
    <ignored/>
  </testcase> <!-- Script_0016 -->
  <testcase name="Script_0005" time="0.0" classname="test.Tests_GuiaDespacho">
    <ignored/>
  </testcase> <!-- Script_0005 -->
  <testcase name="Script_0004" time="0.0" classname="test.Tests_GuiaDespacho">
    <ignored/>
  </testcase> <!-- Script_0004 -->
  <testcase name="Script_0015" time="0.0" classname="test.Tests_GuiaDespacho">
    <ignored/>
  </testcase> <!-- Script_0015 -->
  <testcase name="Script_0026" time="0.0" classname="test.Tests_GuiaDespacho">
    <ignored/>
  </testcase> <!-- Script_0026 -->
</testsuite> <!-- Default test -->
