<?xml version="1.0" encoding="UTF-8"?>
<!-- Generated by org.testng.reporters.JUnitXMLReporter -->
<testsuite ignored="0" hostname="VERITY-98" failures="0" tests="7" name="Test_FacturaInafectaGratuita" time="347.661" errors="0" timestamp="10 feb. 2021 20:42:55 GMT">
  <testcase classname="test.Tests_FacturaInafectaGratuita" name="PruebaTreintayCinco" time="39.435"/>
  <testcase classname="test.Tests_FacturaInafectaGratuita" name="PruebaTreintayCuatro" time="39.59"/>
  <testcase classname="test.Tests_FacturaInafectaGratuita" name="PruebaTreintayNueve" time="39.436"/>
  <testcase classname="test.Tests_FacturaInafectaGratuita" name="PruebaTreintayOcho" time="39.707"/>
  <testcase classname="test.Tests_FacturaInafectaGratuita" name="PruebaTreintaySeis" time="39.71"/>
  <testcase classname="test.Tests_FacturaInafectaGratuita" name="PruebaTreintaySiete" time="39.367"/>
  <testcase classname="test.Tests_FacturaInafectaGratuita" name="PruebaTreintayTres" time="39.257"/>
</testsuite> <!-- Test_FacturaInafectaGratuita -->
