<?xml version="1.0" encoding="UTF-8"?>
<testng-results ignored="3" total="4" passed="1" failed="0" skipped="0">
  <reporter-output>
  </reporter-output>
  <suite started-at="2021-09-06T16:10:53Z" name="Default suite" finished-at="2021-09-06T16:12:30Z" duration-ms="97615">
    <groups>
    </groups>
    <test started-at="2021-09-06T16:10:53Z" name="Default test" finished-at="2021-09-06T16:12:30Z" duration-ms="97615">
      <class name="test.Tests_NotaDebito">
        <test-method is-config="true" signature="setUp()[pri:0, instance:test.Tests_NotaDebito@7161d8d1]" started-at="2021-09-06T16:10:53Z" name="setUp" finished-at="2021-09-06T16:10:58Z" duration-ms="5073" status="PASS">
          <reporter-output>
          </reporter-output>
        </test-method> <!-- setUp -->
        <test-method signature="Script_0003()[pri:0, instance:test.Tests_NotaDebito@7161d8d1]" started-at="2021-09-06T16:10:58Z" name="Script_0003" finished-at="2021-09-06T16:12:30Z" duration-ms="92237" status="PASS">
          <reporter-output>
          </reporter-output>
        </test-method> <!-- Script_0003 -->
        <test-method is-config="true" signature="FinEjecucion()[pri:0, instance:test.Tests_NotaDebito@7161d8d1]" started-at="2021-09-06T16:12:30Z" name="FinEjecucion" finished-at="2021-09-06T16:12:30Z" duration-ms="274" status="PASS">
          <reporter-output>
          </reporter-output>
        </test-method> <!-- FinEjecucion -->
      </class> <!-- test.Tests_NotaDebito -->
    </test> <!-- Default test -->
  </suite> <!-- Default suite -->
</testng-results>
