<?xml version="1.0" encoding="UTF-8"?>
<!-- Generated by org.testng.reporters.JUnitXMLReporter -->
<testsuite ignored="0" hostname="VERITY-98" failures="0" tests="7" name="Test_FacturaAfectaGratuita" time="348.602" errors="0" timestamp="10 feb. 2021 20:04:58 GMT">
  <testcase classname="test.Tests_FacturaAfectaGratuita" name="PruebaTreinta" time="39.716"/>
  <testcase classname="test.Tests_FacturaAfectaGratuita" name="PruebaTreintayDos" time="39.356"/>
  <testcase classname="test.Tests_FacturaAfectaGratuita" name="PruebaTreintayUno" time="39.247"/>
  <testcase classname="test.Tests_FacturaAfectaGratuita" name="PruebaVeintiNueve" time="39.555"/>
  <testcase classname="test.Tests_FacturaAfectaGratuita" name="PruebaVeintiOcho" time="39.47"/>
  <testcase classname="test.Tests_FacturaAfectaGratuita" name="PruebaVeintiSeis" time="39.365"/>
  <testcase classname="test.Tests_FacturaAfectaGratuita" name="PruebaVeintiSiete" time="39.954"/>
</testsuite> <!-- Test_FacturaAfectaGratuita -->
